<?xml version="1.0" encoding="UTF-8"?>
<testsuite xmlns:xsi="http://www.w3.org/2001/XMLSchema-instance" xsi:noNamespaceSchemaLocation="https://maven.apache.org/surefire/maven-surefire-plugin/xsd/surefire-test-report.xsd" name="prova.provaRunner" time="9.348" tests="5" errors="0" skipped="0" failures="0">
  <properties>
[...]
</properties>
  <testcase name="testGorest[1][1]" classname="prova.provaRunner" time="2.68"/>
  <testcase name="testGorest[1][2]" classname="prova.provaRunner" time="0.516"/>
  <testcase name="testGorest[1][3]" classname="prova.provaRunner" time="1.198"/>
  <testcase name="testGorest[1][4]" classname="prova.provaRunner" time="1.249"/>
  <testcase name="testGorest[1][5]" classname="prova.provaRunner" time="3.068"/>
</testsuite>